Using pre-set license
Built from '2020.3/release' branch; Version is '2020.3.2f1 (8fd9074bf66c) revision 9427207'; Using compiler version '192528614'; Build Type 'Release'
OS: 'Windows 10 Pro; OS build 19043.1348; Version 2009; 64bit' Language: 'es' Physical Memory: 8079 MB
BatchMode: 1, IsHumanControllingUs: 0, StartBugReporterOnCrash: 0, Is64bit: 1, IsPro: 0

 COMMAND LINE ARGUMENTS:
C:\Program Files\Unity\Hub\Editor\2020.3.2f1\Editor\Unity.exe
-adb2
-batchMode
-noUpm
-name
AssetImportWorker4
-projectPath
C:/Users/Gast贸n/Desktop/VIDEOJUEGOS/DIPLOMATURA EN VIDEOJUEGOS - UPC/Plataformero 3D/faunus3
-logFile
Logs/AssetImportWorker4.log
-srvPort
63800
Successfully changed project path to: C:/Users/Gast贸n/Desktop/VIDEOJUEGOS/DIPLOMATURA EN VIDEOJUEGOS - UPC/Plataformero 3D/faunus3
C:/Users/Gast贸n/Desktop/VIDEOJUEGOS/DIPLOMATURA EN VIDEOJUEGOS - UPC/Plataformero 3D/faunus3
Using Asset Import Pipeline V2.
Refreshing native plugins compatible for Editor in 150.01 ms, found 2 plugins.
Preloading 0 native plugins for Editor in 0.00 ms.
Initialize engine version: 2020.3.2f1 (8fd9074bf66c)
[Subsystems] Discovering subsystems at path C:/Program Files/Unity/Hub/Editor/2020.3.2f1/Editor/Data/Resources/UnitySubsystems
[Subsystems] Discovering subsystems at path C:/Users/Gast贸n/Desktop/VIDEOJUEGOS/DIPLOMATURA EN VIDEOJUEGOS - UPC/Plataformero 3D/faunus3/Assets
GfxDevice: creating device client; threaded=0
Direct3D:
    Version:  Direct3D 11.0 [level 11.1]
    Renderer: Intel(R) HD Graphics 630 (ID=0x5912)
    Vendor:   
    VRAM:     4039 MB
    Driver:   27.20.100.8280
Initialize mono
Mono path[0] = 'C:/Program Files/Unity/Hub/Editor/2020.3.2f1/Editor/Data/Managed'
Mono path[1] = 'C:/Program Files/Unity/Hub/Editor/2020.3.2f1/Editor/Data/MonoBleedingEdge/lib/mono/unityjit'
Mono config path = 'C:/Program Files/Unity/Hub/Editor/2020.3.2f1/Editor/Data/MonoBleedingEdge/etc'
Using monoOptions --debugger-agent=transport=dt_socket,embedding=1,server=y,suspend=n,address=127.0.0.1:56188
Begin MonoManager ReloadAssembly
Registering precompiled unity dll's ...
Register platform support module: C:/Program Files/Unity/Hub/Editor/2020.3.2f1/Editor/Data/PlaybackEngines/WindowsStandaloneSupport/UnityEditor.WindowsStandalone.Extensions.dll
Registered in 0.002909 seconds.
Native extension for WindowsStandalone target not found
Refreshing native plugins compatible for Editor in 63.22 ms, found 2 plugins.
Preloading 0 native plugins for Editor in 0.00 ms.
Invoked RoslynAnalysisRunner static constructor.
RoslynAnalysisRunner will not be running.
RoslynAnalysisRunner has terminated.
Mono: successfully reloaded assembly
- Completed reload, in  3.952 seconds
Platform modules already initialized, skipping
Registering precompiled user dll's ...
Registered in 0.005235 seconds.
Begin MonoManager ReloadAssembly
Native extension for WindowsStandalone target not found
Refreshing native plugins compatible for Editor in 0.98 ms, found 2 plugins.
Preloading 0 native plugins for Editor in 0.00 ms.
Invoked RoslynAnalysisRunner static constructor.
RoslynAnalysisRunner will not be running.
RoslynAnalysisRunner has terminated.
Mono: successfully reloaded assembly
- Completed reload, in  1.720 seconds
Platform modules already initialized, skipping
========================================================================
Worker process is ready to serve import requests
Launched and connected shader compiler UnityShaderCompiler.exe after 0.21 seconds
Refreshing native plugins compatible for Editor in 0.48 ms, found 2 plugins.
Preloading 0 native plugins for Editor in 0.00 ms.
Unloading 1949 Unused Serialized files (Serialized files now loaded: 0)
System memory in use before: 101.1 MB.
System memory in use after: 100.8 MB.

Unloading 19 unused Assets to reduce memory usage. Loaded Objects now: 2394.
Total: 3.019600 ms (FindLiveObjects: 0.501300 ms CreateObjectMapping: 0.096600 ms MarkObjects: 2.079300 ms  DeleteObjects: 0.340400 ms)

========================================================================
Received Import Request.
  path: Assets/Scripts/Camera
  artifactKey: Guid(b97b57aa3a0cce44c8dbeebfc9764e73) Importer(815301076,1909f56bfc062723c751e8b465ee728b)
Start importing Assets/Scripts/Camera using Guid(b97b57aa3a0cce44c8dbeebfc9764e73) Importer(815301076,1909f56bfc062723c751e8b465ee728b)  -> (artifact id: 'ec49aca77cfc705a8cf9c2d648a0b142') in 0.010437 seconds
  Import took 0.014291 seconds .

========================================================================
Received Import Request.
  Time since last request: 0.000255 seconds.
  path: Assets/Scripts/Camera/PuzzleMirrorCamBlendManager.cs
  artifactKey: Guid(4b95f5636008d9649b47d86cfb4ebf0b) Importer(815301076,1909f56bfc062723c751e8b465ee728b)
Start importing Assets/Scripts/Camera/PuzzleMirrorCamBlendManager.cs using Guid(4b95f5636008d9649b47d86cfb4ebf0b) Importer(815301076,1909f56bfc062723c751e8b465ee728b)  -> (artifact id: '94b6995a8bf0d75ba3dbf14cdfbf4f88') in 0.136147 seconds
  Import took 0.140236 seconds .

========================================================================
Received Import Request.
  Time since last request: 0.001460 seconds.
  path: Assets/Scripts/Camera/DestroyCam.cs
  artifactKey: Guid(9fa9767402a35b045aa57b057ab550e3) Importer(815301076,1909f56bfc062723c751e8b465ee728b)
Start importing Assets/Scripts/Camera/DestroyCam.cs using Guid(9fa9767402a35b045aa57b057ab550e3) Importer(815301076,1909f56bfc062723c751e8b465ee728b)  -> (artifact id: 'a99e50473e4dfcf4afde8848a4415db0') in 0.108657 seconds
  Import took 0.119313 seconds .

========================================================================
Received Import Request.
  Time since last request: 0.033683 seconds.
  path: Assets/Scripts/Camera/Puzzle2CamBlendManager.cs
  artifactKey: Guid(5b5ae29f8ce0b69409d0c6d8b9e40c9e) Importer(815301076,1909f56bfc062723c751e8b465ee728b)
Start importing Assets/Scripts/Camera/Puzzle2CamBlendManager.cs using Guid(5b5ae29f8ce0b69409d0c6d8b9e40c9e) Importer(815301076,1909f56bfc062723c751e8b465ee728b)  -> (artifact id: '270b0c5f2c2c110feb966132fd8fadce') in 3.852537 seconds
  Import took 3.873751 seconds .

========================================================================
Received Import Request.
  Time since last request: 77.811705 seconds.
  path: Assets/Scripts/Camera/PuzzleCamWall.cs
  artifactKey: Guid(958d33b9ce774654c8e4c2697bb8a50c) Importer(815301076,1909f56bfc062723c751e8b465ee728b)
Start importing Assets/Scripts/Camera/PuzzleCamWall.cs using Guid(958d33b9ce774654c8e4c2697bb8a50c) Importer(815301076,1909f56bfc062723c751e8b465ee728b)  -> (artifact id: 'ac488333ba44b14aa5574d6353342361') in 0.007761 seconds
  Import took 0.018180 seconds .

========================================================================
Received Prepare
Registering precompiled user dll's ...
Registered in 0.006808 seconds.
Begin MonoManager ReloadAssembly
Native extension for WindowsStandalone target not found
Refreshing native plugins compatible for Editor in 0.53 ms, found 2 plugins.
Preloading 0 native plugins for Editor in 0.00 ms.
Invoked RoslynAnalysisRunner static constructor.
RoslynAnalysisRunner will not be running.
RoslynAnalysisRunner has terminated.
Mono: successfully reloaded assembly
- Completed reload, in  1.246 seconds
Platform modules already initialized, skipping
Refreshing native plugins compatible for Editor in 0.48 ms, found 2 plugins.
Preloading 0 native plugins for Editor in 0.00 ms.
Unloading 1881 Unused Serialized files (Serialized files now loaded: 0)
System memory in use before: 94.9 MB.
System memory in use after: 94.6 MB.

Unloading 14 unused Assets to reduce memory usage. Loaded Objects now: 2397.
Total: 3.988700 ms (FindLiveObjects: 0.297600 ms CreateObjectMapping: 0.120600 ms MarkObjects: 3.122700 ms  DeleteObjects: 0.446100 ms)

========================================================================
Received Import Request.
  Time since last request: 25.962790 seconds.
  path: Assets/Scripts/Camera/PuzzlesCamManager.cs
  artifactKey: Guid(123e6e32f6080b74b82de036f8ec332c) Importer(815301076,1909f56bfc062723c751e8b465ee728b)
Start importing Assets/Scripts/Camera/PuzzlesCamManager.cs using Guid(123e6e32f6080b74b82de036f8ec332c) Importer(815301076,1909f56bfc062723c751e8b465ee728b)  -> (artifact id: 'dfa218c1da4cb01b6f2b881ed231819b') in 0.022879 seconds
  Import took 0.036526 seconds .

========================================================================
Received Prepare
Registering precompiled user dll's ...
Registered in 0.005605 seconds.
Begin MonoManager ReloadAssembly
Native extension for WindowsStandalone target not found
Refreshing native plugins compatible for Editor in 0.47 ms, found 2 plugins.
Preloading 0 native plugins for Editor in 0.00 ms.
Invoked RoslynAnalysisRunner static constructor.
RoslynAnalysisRunner will not be running.
RoslynAnalysisRunner has terminated.
Mono: successfully reloaded assembly
- Completed reload, in  1.042 seconds
Platform modules already initialized, skipping
Refreshing native plugins compatible for Editor in 0.54 ms, found 2 plugins.
Preloading 0 native plugins for Editor in 0.00 ms.
Unloading 1881 Unused Serialized files (Serialized files now loaded: 0)
System memory in use before: 94.9 MB.
System memory in use after: 94.7 MB.

Unloading 14 unused Assets to reduce memory usage. Loaded Objects now: 2399.
Total: 2.993400 ms (FindLiveObjects: 0.415400 ms CreateObjectMapping: 0.073800 ms MarkObjects: 1.855300 ms  DeleteObjects: 0.647600 ms)

========================================================================
Received Prepare
Registering precompiled user dll's ...
Registered in 0.003912 seconds.
Begin MonoManager ReloadAssembly
Native extension for WindowsStandalone target not found
Refreshing native plugins compatible for Editor in 0.48 ms, found 2 plugins.
Preloading 0 native plugins for Editor in 0.00 ms.
Invoked RoslynAnalysisRunner static constructor.
RoslynAnalysisRunner will not be running.
RoslynAnalysisRunner has terminated.
Mono: successfully reloaded assembly
- Completed reload, in  1.428 seconds
Platform modules already initialized, skipping
Refreshing native plugins compatible for Editor in 0.49 ms, found 2 plugins.
Preloading 0 native plugins for Editor in 0.00 ms.
Unloading 1881 Unused Serialized files (Serialized files now loaded: 0)
System memory in use before: 94.9 MB.
System memory in use after: 94.7 MB.

Unloading 14 unused Assets to reduce memory usage. Loaded Objects now: 2401.
Total: 3.456900 ms (FindLiveObjects: 0.337600 ms CreateObjectMapping: 0.117900 ms MarkObjects: 2.521100 ms  DeleteObjects: 0.478700 ms)

========================================================================
Received Prepare
Registering precompiled user dll's ...
Registered in 0.006396 seconds.
Begin MonoManager ReloadAssembly
Native extension for WindowsStandalone target not found
Refreshing native plugins compatible for Editor in 0.56 ms, found 2 plugins.
Preloading 0 native plugins for Editor in 0.00 ms.
Invoked RoslynAnalysisRunner static constructor.
RoslynAnalysisRunner will not be running.
RoslynAnalysisRunner has terminated.
Mono: successfully reloaded assembly
- Completed reload, in  2.080 seconds
Platform modules already initialized, skipping
Refreshing native plugins compatible for Editor in 0.52 ms, found 2 plugins.
Preloading 0 native plugins for Editor in 0.00 ms.
Unloading 1881 Unused Serialized files (Serialized files now loaded: 0)
System memory in use before: 95.0 MB.
System memory in use after: 94.7 MB.

Unloading 14 unused Assets to reduce memory usage. Loaded Objects now: 2403.
Total: 3.701900 ms (FindLiveObjects: 0.454500 ms CreateObjectMapping: 0.330600 ms MarkObjects: 2.092900 ms  DeleteObjects: 0.822600 ms)

========================================================================
Received Prepare
Registering precompiled user dll's ...
Registered in 0.004137 seconds.
Begin MonoManager ReloadAssembly
Native extension for WindowsStandalone target not found
Refreshing native plugins compatible for Editor in 0.46 ms, found 2 plugins.
Preloading 0 native plugins for Editor in 0.00 ms.
Invoked RoslynAnalysisRunner static constructor.
RoslynAnalysisRunner will not be running.
RoslynAnalysisRunner has terminated.
Mono: successfully reloaded assembly
- Completed reload, in  1.730 seconds
Platform modules already initialized, skipping
Refreshing native plugins compatible for Editor in 0.73 ms, found 2 plugins.
Preloading 0 native plugins for Editor in 0.00 ms.
Unloading 1881 Unused Serialized files (Serialized files now loaded: 0)
System memory in use before: 94.9 MB.
System memory in use after: 94.6 MB.

Unloading 14 unused Assets to reduce memory usage. Loaded Objects now: 2405.
Total: 3.498600 ms (FindLiveObjects: 0.175600 ms CreateObjectMapping: 0.066700 ms MarkObjects: 2.776900 ms  DeleteObjects: 0.478200 ms)

========================================================================
Received Prepare
Registering precompiled user dll's ...
Registered in 0.003475 seconds.
Begin MonoManager ReloadAssembly
Native extension for WindowsStandalone target not found
Refreshing native plugins compatible for Editor in 0.56 ms, found 2 plugins.
Preloading 0 native plugins for Editor in 0.00 ms.
Invoked RoslynAnalysisRunner static constructor.
RoslynAnalysisRunner will not be running.
RoslynAnalysisRunner has terminated.
Mono: successfully reloaded assembly
- Completed reload, in  1.142 seconds
Platform modules already initialized, skipping
Refreshing native plugins compatible for Editor in 0.68 ms, found 2 plugins.
Preloading 0 native plugins for Editor in 0.00 ms.
Unloading 1881 Unused Serialized files (Serialized files now loaded: 0)
System memory in use before: 94.9 MB.
System memory in use after: 94.7 MB.

Unloading 14 unused Assets to reduce memory usage. Loaded Objects now: 2407.
Total: 3.198900 ms (FindLiveObjects: 0.175300 ms CreateObjectMapping: 0.065400 ms MarkObjects: 2.546400 ms  DeleteObjects: 0.410800 ms)

========================================================================
Received Prepare
Registering precompiled user dll's ...
Registered in 0.003736 seconds.
Begin MonoManager ReloadAssembly
Native extension for WindowsStandalone target not found
Refreshing native plugins compatible for Editor in 0.50 ms, found 2 plugins.
Preloading 0 native plugins for Editor in 0.00 ms.
Invoked RoslynAnalysisRunner static constructor.
RoslynAnalysisRunner will not be running.
RoslynAnalysisRunner has terminated.
Mono: successfully reloaded assembly
- Completed reload, in  2.220 seconds
Platform modules already initialized, skipping
Refreshing native plugins compatible for Editor in 14.81 ms, found 2 plugins.
Preloading 0 native plugins for Editor in 0.00 ms.
Unloading 1881 Unused Serialized files (Serialized files now loaded: 0)
System memory in use before: 95.0 MB.
System memory in use after: 94.7 MB.

Unloading 14 unused Assets to reduce memory usage. Loaded Objects now: 2409.
Total: 2.796000 ms (FindLiveObjects: 0.233600 ms CreateObjectMapping: 0.105000 ms MarkObjects: 2.107700 ms  DeleteObjects: 0.347700 ms)

========================================================================
Received Prepare
Registering precompiled user dll's ...
Registered in 0.004307 seconds.
Begin MonoManager ReloadAssembly
Native extension for WindowsStandalone target not found
Refreshing native plugins compatible for Editor in 0.48 ms, found 2 plugins.
Preloading 0 native plugins for Editor in 0.00 ms.
Invoked RoslynAnalysisRunner static constructor.
RoslynAnalysisRunner will not be running.
RoslynAnalysisRunner has terminated.
Mono: successfully reloaded assembly
- Completed reload, in  2.219 seconds
Platform modules already initialized, skipping
Refreshing native plugins compatible for Editor in 0.49 ms, found 2 plugins.
Preloading 0 native plugins for Editor in 0.00 ms.
Unloading 1881 Unused Serialized files (Serialized files now loaded: 0)
System memory in use before: 95.0 MB.
System memory in use after: 94.7 MB.

Unloading 14 unused Assets to reduce memory usage. Loaded Objects now: 2411.
Total: 2.688900 ms (FindLiveObjects: 0.209100 ms CreateObjectMapping: 0.131500 ms MarkObjects: 1.999500 ms  DeleteObjects: 0.347400 ms)

========================================================================
Received Prepare
Registering precompiled user dll's ...
Registered in 0.003871 seconds.
Begin MonoManager ReloadAssembly
Native extension for WindowsStandalone target not found
Refreshing native plugins compatible for Editor in 0.65 ms, found 2 plugins.
Preloading 0 native plugins for Editor in 0.00 ms.
Invoked RoslynAnalysisRunner static constructor.
RoslynAnalysisRunner will not be running.
RoslynAnalysisRunner has terminated.
Mono: successfully reloaded assembly
- Completed reload, in  2.147 seconds
Platform modules already initialized, skipping
Refreshing native plugins compatible for Editor in 0.47 ms, found 2 plugins.
Preloading 0 native plugins for Editor in 0.00 ms.
Unloading 1881 Unused Serialized files (Serialized files now loaded: 0)
System memory in use before: 95.0 MB.
System memory in use after: 94.7 MB.

Unloading 14 unused Assets to reduce memory usage. Loaded Objects now: 2413.
Total: 3.906900 ms (FindLiveObjects: 0.218200 ms CreateObjectMapping: 0.237100 ms MarkObjects: 2.698500 ms  DeleteObjects: 0.750300 ms)

========================================================================
Received Prepare
Registering precompiled user dll's ...
Registered in 0.003794 seconds.
Begin MonoManager ReloadAssembly
Native extension for WindowsStandalone target not found
Refreshing native plugins compatible for Editor in 0.51 ms, found 2 plugins.
Preloading 0 native plugins for Editor in 0.00 ms.
Invoked RoslynAnalysisRunner static constructor.
RoslynAnalysisRunner will not be running.
RoslynAnalysisRunner has terminated.
Mono: successfully reloaded assembly
- Completed reload, in  1.924 seconds
Platform modules already initialized, skipping
Refreshing native plugins compatible for Editor in 0.46 ms, found 2 plugins.
Preloading 0 native plugins for Editor in 0.00 ms.
Unloading 1881 Unused Serialized files (Serialized files now loaded: 0)
System memory in use before: 94.9 MB.
System memory in use after: 94.6 MB.

Unloading 14 unused Assets to reduce memory usage. Loaded Objects now: 2415.
Total: 3.855100 ms (FindLiveObjects: 0.440300 ms CreateObjectMapping: 0.205100 ms MarkObjects: 2.823900 ms  DeleteObjects: 0.384800 ms)

========================================================================
Received Prepare
Registering precompiled user dll's ...
Registered in 0.003682 seconds.
Begin MonoManager ReloadAssembly
Native extension for WindowsStandalone target not found
Refreshing native plugins compatible for Editor in 0.49 ms, found 2 plugins.
Preloading 0 native plugins for Editor in 0.00 ms.
Invoked RoslynAnalysisRunner static constructor.
RoslynAnalysisRunner will not be running.
RoslynAnalysisRunner has terminated.
Mono: successfully reloaded assembly
- Completed reload, in  1.558 seconds
Platform modules already initialized, skipping
Refreshing native plugins compatible for Editor in 0.50 ms, found 2 plugins.
Preloading 0 native plugins for Editor in 0.00 ms.
Unloading 1881 Unused Serialized files (Serialized files now loaded: 0)
System memory in use before: 94.9 MB.
System memory in use after: 94.6 MB.

Unloading 14 unused Assets to reduce memory usage. Loaded Objects now: 2417.
Total: 2.763100 ms (FindLiveObjects: 0.228700 ms CreateObjectMapping: 0.075600 ms MarkObjects: 2.022800 ms  DeleteObjects: 0.434900 ms)

========================================================================
Received Prepare
Registering precompiled user dll's ...
Registered in 0.003920 seconds.
Begin MonoManager ReloadAssembly
Native extension for WindowsStandalone target not found
Refreshing native plugins compatible for Editor in 0.51 ms, found 2 plugins.
Preloading 0 native plugins for Editor in 0.00 ms.
Invoked RoslynAnalysisRunner static constructor.
RoslynAnalysisRunner will not be running.
RoslynAnalysisRunner has terminated.
Mono: successfully reloaded assembly
- Completed reload, in  1.211 seconds
Platform modules already initialized, skipping
Refreshing native plugins compatible for Editor in 0.60 ms, found 2 plugins.
Preloading 0 native plugins for Editor in 0.00 ms.
Unloading 1881 Unused Serialized files (Serialized files now loaded: 0)
System memory in use before: 94.9 MB.
System memory in use after: 94.7 MB.

Unloading 14 unused Assets to reduce memory usage. Loaded Objects now: 2419.
Total: 3.574200 ms (FindLiveObjects: 0.269400 ms CreateObjectMapping: 0.184300 ms MarkObjects: 2.743600 ms  DeleteObjects: 0.375500 ms)

========================================================================
Received Prepare
Registering precompiled user dll's ...
Registered in 0.006388 seconds.
Begin MonoManager ReloadAssembly
Native extension for WindowsStandalone target not found
Refreshing native plugins compatible for Editor in 0.57 ms, found 2 plugins.
Preloading 0 native plugins for Editor in 0.00 ms.
Invoked RoslynAnalysisRunner static constructor.
RoslynAnalysisRunner will not be running.
RoslynAnalysisRunner has terminated.
Mono: successfully reloaded assembly
- Completed reload, in  7.415 seconds
Platform modules already initialized, skipping
Refreshing native plugins compatible for Editor in 0.50 ms, found 2 plugins.
Preloading 0 native plugins for Editor in 0.00 ms.
Unloading 1881 Unused Serialized files (Serialized files now loaded: 0)
System memory in use before: 94.9 MB.
System memory in use after: 94.7 MB.

Unloading 14 unused Assets to reduce memory usage. Loaded Objects now: 2421.
Total: 3.551400 ms (FindLiveObjects: 0.226400 ms CreateObjectMapping: 0.074900 ms MarkObjects: 2.871400 ms  DeleteObjects: 0.377600 ms)

========================================================================
Received Import Request.
  Time since last request: 1761.578339 seconds.
  path: ProjectSettings/TagManager.asset
  artifactKey: Guid(00000000000000003000000000000000) Importer(815301076,1909f56bfc062723c751e8b465ee728b)
Start importing ProjectSettings/TagManager.asset using Guid(00000000000000003000000000000000) Importer(815301076,1909f56bfc062723c751e8b465ee728b)  -> (artifact id: '7197939e729baf5d41d34befcd8f54ab') in 0.110741 seconds
  Import took 0.119537 seconds .

========================================================================
Received Import Request.
  Time since last request: 175.288884 seconds.
  path: Assets/FX/FBX/ShockWave_mesh.fbx
  artifactKey: Guid(611050965a7b66143b84e5b62ae17405) Importer(815301076,1909f56bfc062723c751e8b465ee728b)
Start importing Assets/FX/FBX/ShockWave_mesh.fbx using Guid(611050965a7b66143b84e5b62ae17405) Importer(815301076,1909f56bfc062723c751e8b465ee728b)  -> (artifact id: 'cf6c876665ef5442481d70df3ba69ccc') in 0.682310 seconds
  Import took 0.696157 seconds .

========================================================================
Received Import Request.
  Time since last request: 133.760916 seconds.
  path: Assets/FX/Materials/ShockWave 1.mat
  artifactKey: Guid(5938a6c82a6142640a452ae494f05a05) Importer(815301076,1909f56bfc062723c751e8b465ee728b)
Start importing Assets/FX/Materials/ShockWave 1.mat using Guid(5938a6c82a6142640a452ae494f05a05) Importer(815301076,1909f56bfc062723c751e8b465ee728b)  -> (artifact id: '8834e9724f579913108731ef1517a282') in 0.234234 seconds
  Import took 0.243892 seconds .

========================================================================
Received Import Request.
  Time since last request: 0.000266 seconds.
  path: Assets/FX/Materials/ShockWave.mat
  artifactKey: Guid(5f99d3e552fc62a46adcae1142016e56) Importer(815301076,1909f56bfc062723c751e8b465ee728b)
Start importing Assets/FX/Materials/ShockWave.mat using Guid(5f99d3e552fc62a46adcae1142016e56) Importer(815301076,1909f56bfc062723c751e8b465ee728b)  -> (artifact id: '3cd2c4a1b9915cba00400149abfe34c1') in 0.053887 seconds
  Import took 0.062414 seconds .

========================================================================
Received Import Request.
  Time since last request: 0.000936 seconds.
  path: Assets/FX/Materials/ShockWave 1.mat
  artifactKey: Guid(5938a6c82a6142640a452ae494f05a05) Importer(815301076,1909f56bfc062723c751e8b465ee728b)
Start importing Assets/FX/Materials/ShockWave 1.mat using Guid(5938a6c82a6142640a452ae494f05a05) Importer(815301076,1909f56bfc062723c751e8b465ee728b)  -> (artifact id: '8834e9724f579913108731ef1517a282') in 0.049725 seconds
  Import took 0.055445 seconds .

========================================================================
Received Import Request.
  Time since last request: 0.000255 seconds.
  path: Assets/FX/Materials/ShockWave.mat
  artifactKey: Guid(5f99d3e552fc62a46adcae1142016e56) Importer(815301076,1909f56bfc062723c751e8b465ee728b)
Start importing Assets/FX/Materials/ShockWave.mat using Guid(5f99d3e552fc62a46adcae1142016e56) Importer(815301076,1909f56bfc062723c751e8b465ee728b)  -> (artifact id: '3cd2c4a1b9915cba00400149abfe34c1') in 0.022174 seconds
  Import took 0.030436 seconds .

========================================================================
Received Prepare
Registering precompiled user dll's ...
Registered in 0.004226 seconds.
Begin MonoManager ReloadAssembly
Native extension for WindowsStandalone target not found
Refreshing native plugins compatible for Editor in 0.59 ms, found 2 plugins.
Preloading 0 native plugins for Editor in 0.00 ms.
Invoked RoslynAnalysisRunner static constructor.
RoslynAnalysisRunner will not be running.
RoslynAnalysisRunner has terminated.
Mono: successfully reloaded assembly
- Completed reload, in  1.916 seconds
Platform modules already initialized, skipping
Refreshing native plugins compatible for Editor in 0.48 ms, found 2 plugins.
Preloading 0 native plugins for Editor in 0.00 ms.
Unloading 1881 Unused Serialized files (Serialized files now loaded: 0)
System memory in use before: 98.5 MB.
System memory in use after: 98.2 MB.

Unloading 15 unused Assets to reduce memory usage. Loaded Objects now: 2466.
Total: 3.526000 ms (FindLiveObjects: 0.201000 ms CreateObjectMapping: 0.075900 ms MarkObjects: 2.926500 ms  DeleteObjects: 0.321300 ms)

========================================================================
Received Prepare
Registering precompiled user dll's ...
Registered in 0.004587 seconds.
Begin MonoManager ReloadAssembly
Native extension for WindowsStandalone target not found
Refreshing native plugins compatible for Editor in 0.68 ms, found 2 plugins.
Preloading 0 native plugins for Editor in 0.00 ms.
Invoked RoslynAnalysisRunner static constructor.
RoslynAnalysisRunner will not be running.
RoslynAnalysisRunner has terminated.
Mono: successfully reloaded assembly
- Completed reload, in  1.713 seconds
Platform modules already initialized, skipping
Refreshing native plugins compatible for Editor in 0.52 ms, found 2 plugins.
Preloading 0 native plugins for Editor in 0.00 ms.
Unloading 1881 Unused Serialized files (Serialized files now loaded: 0)
System memory in use before: 98.5 MB.
System memory in use after: 98.2 MB.

Unloading 14 unused Assets to reduce memory usage. Loaded Objects now: 2468.
Total: 6.245400 ms (FindLiveObjects: 0.222500 ms CreateObjectMapping: 0.082100 ms MarkObjects: 4.764600 ms  DeleteObjects: 1.170100 ms)

========================================================================
Received Prepare
Registering precompiled user dll's ...
Registered in 0.004198 seconds.
Begin MonoManager ReloadAssembly
Native extension for WindowsStandalone target not found
Refreshing native plugins compatible for Editor in 0.66 ms, found 2 plugins.
Preloading 0 native plugins for Editor in 0.00 ms.
Invoked RoslynAnalysisRunner static constructor.
RoslynAnalysisRunner will not be running.
RoslynAnalysisRunner has terminated.
Mono: successfully reloaded assembly
- Completed reload, in  1.857 seconds
Platform modules already initialized, skipping
Refreshing native plugins compatible for Editor in 0.49 ms, found 2 plugins.
Preloading 0 native plugins for Editor in 0.00 ms.
Unloading 1881 Unused Serialized files (Serialized files now loaded: 0)
System memory in use before: 98.5 MB.
System memory in use after: 98.2 MB.

Unloading 14 unused Assets to reduce memory usage. Loaded Objects now: 2470.
Total: 2.981300 ms (FindLiveObjects: 0.525500 ms CreateObjectMapping: 0.127200 ms MarkObjects: 1.936100 ms  DeleteObjects: 0.391200 ms)

========================================================================
Received Prepare
Registering precompiled user dll's ...
Registered in 0.003818 seconds.
Begin MonoManager ReloadAssembly
Native extension for WindowsStandalone target not found
Refreshing native plugins compatible for Editor in 0.48 ms, found 2 plugins.
Preloading 0 native plugins for Editor in 0.00 ms.
Invoked RoslynAnalysisRunner static constructor.
RoslynAnalysisRunner will not be running.
RoslynAnalysisRunner has terminated.
Mono: successfully reloaded assembly
- Completed reload, in  1.847 seconds
Platform modules already initialized, skipping
Refreshing native plugins compatible for Editor in 0.65 ms, found 2 plugins.
Preloading 0 native plugins for Editor in 0.00 ms.
Unloading 1881 Unused Serialized files (Serialized files now loaded: 0)
System memory in use before: 98.5 MB.
System memory in use after: 98.2 MB.

Unloading 14 unused Assets to reduce memory usage. Loaded Objects now: 2472.
Total: 4.348800 ms (FindLiveObjects: 0.425900 ms CreateObjectMapping: 1.095600 ms MarkObjects: 2.304100 ms  DeleteObjects: 0.522000 ms)

========================================================================
Received Prepare
Registering precompiled user dll's ...
Registered in 0.004602 seconds.
Begin MonoManager ReloadAssembly
Native extension for WindowsStandalone target not found
Refreshing native plugins compatible for Editor in 0.52 ms, found 2 plugins.
Preloading 0 native plugins for Editor in 0.00 ms.
Invoked RoslynAnalysisRunner static constructor.
RoslynAnalysisRunner will not be running.
RoslynAnalysisRunner has terminated.
Mono: successfully reloaded assembly
- Completed reload, in  1.903 seconds
Platform modules already initialized, skipping
Refreshing native plugins compatible for Editor in 0.62 ms, found 2 plugins.
Preloading 0 native plugins for Editor in 0.00 ms.
Unloading 1881 Unused Serialized files (Serialized files now loaded: 0)
System memory in use before: 98.4 MB.
System memory in use after: 98.1 MB.

Unloading 14 unused Assets to reduce memory usage. Loaded Objects now: 2474.
Total: 2.522700 ms (FindLiveObjects: 0.211300 ms CreateObjectMapping: 0.078000 ms MarkObjects: 1.862100 ms  DeleteObjects: 0.369900 ms)

========================================================================
Received Prepare
Registering precompiled user dll's ...
Registered in 0.004623 seconds.
Begin MonoManager ReloadAssembly
Native extension for WindowsStandalone target not found
Refreshing native plugins compatible for Editor in 0.52 ms, found 2 plugins.
Preloading 0 native plugins for Editor in 0.00 ms.
Invoked RoslynAnalysisRunner static constructor.
RoslynAnalysisRunner will not be running.
RoslynAnalysisRunner has terminated.
Mono: successfully reloaded assembly
- Completed reload, in  1.745 seconds
Platform modules already initialized, skipping
Refreshing native plugins compatible for Editor in 0.52 ms, found 2 plugins.
Preloading 0 native plugins for Editor in 0.00 ms.
Unloading 1881 Unused Serialized files (Serialized files now loaded: 0)
System memory in use before: 98.4 MB.
System memory in use after: 98.2 MB.

Unloading 14 unused Assets to reduce memory usage. Loaded Objects now: 2476.
Total: 4.269900 ms (FindLiveObjects: 0.217700 ms CreateObjectMapping: 0.077600 ms MarkObjects: 3.610300 ms  DeleteObjects: 0.363100 ms)

========================================================================
Received Prepare
Registering precompiled user dll's ...
Registered in 0.003720 seconds.
Begin MonoManager ReloadAssembly
Native extension for WindowsStandalone target not found
Refreshing native plugins compatible for Editor in 0.64 ms, found 2 plugins.
Preloading 0 native plugins for Editor in 0.00 ms.
Invoked RoslynAnalysisRunner static constructor.
RoslynAnalysisRunner will not be running.
RoslynAnalysisRunner has terminated.
Mono: successfully reloaded assembly
- Completed reload, in  1.902 seconds
Platform modules already initialized, skipping
Refreshing native plugins compatible for Editor in 0.75 ms, found 2 plugins.
Preloading 0 native plugins for Editor in 0.00 ms.
Unloading 1881 Unused Serialized files (Serialized files now loaded: 0)
System memory in use before: 98.4 MB.
System memory in use after: 98.2 MB.

Unloading 14 unused Assets to reduce memory usage. Loaded Objects now: 2478.
Total: 2.610400 ms (FindLiveObjects: 0.214500 ms CreateObjectMapping: 0.075700 ms MarkObjects: 1.946600 ms  DeleteObjects: 0.372200 ms)

========================================================================
Received Prepare
Registering precompiled user dll's ...
Registered in 0.003853 seconds.
Begin MonoManager ReloadAssembly
Native extension for WindowsStandalone target not found
Refreshing native plugins compatible for Editor in 1.07 ms, found 2 plugins.
Preloading 0 native plugins for Editor in 0.00 ms.
Invoked RoslynAnalysisRunner static constructor.
RoslynAnalysisRunner will not be running.
RoslynAnalysisRunner has terminated.
Mono: successfully reloaded assembly
- Completed reload, in  1.814 seconds
Platform modules already initialized, skipping
Refreshing native plugins compatible for Editor in 0.52 ms, found 2 plugins.
Preloading 0 native plugins for Editor in 0.00 ms.
Unloading 1881 Unused Serialized files (Serialized files now loaded: 0)
System memory in use before: 98.5 MB.
System memory in use after: 98.3 MB.

Unloading 14 unused Assets to reduce memory usage. Loaded Objects now: 2480.
Total: 2.864500 ms (FindLiveObjects: 0.222200 ms CreateObjectMapping: 0.082500 ms MarkObjects: 2.185900 ms  DeleteObjects: 0.371900 ms)

========================================================================
Received Prepare
Registering precompiled user dll's ...
Registered in 0.003858 seconds.
Begin MonoManager ReloadAssembly
Native extension for WindowsStandalone target not found
Refreshing native plugins compatible for Editor in 0.51 ms, found 2 plugins.
Preloading 0 native plugins for Editor in 0.00 ms.
Invoked RoslynAnalysisRunner static constructor.
RoslynAnalysisRunner will not be running.
RoslynAnalysisRunner has terminated.
Mono: successfully reloaded assembly
- Completed reload, in  1.834 seconds
Platform modules already initialized, skipping
Refreshing native plugins compatible for Editor in 0.54 ms, found 2 plugins.
Preloading 0 native plugins for Editor in 0.00 ms.
Unloading 1881 Unused Serialized files (Serialized files now loaded: 0)
System memory in use before: 98.5 MB.
System memory in use after: 98.3 MB.

Unloading 14 unused Assets to reduce memory usage. Loaded Objects now: 2482.
Total: 5.196400 ms (FindLiveObjects: 0.485100 ms CreateObjectMapping: 0.192300 ms MarkObjects: 3.879100 ms  DeleteObjects: 0.637500 ms)

========================================================================
Received Import Request.
  Time since last request: 771.580315 seconds.
  path: Assets/Timeline/Puzzles/Puzzle1_Resolution.playable
  artifactKey: Guid(95868b1dc9a321e4b96c74f87795e35f) Importer(815301076,1909f56bfc062723c751e8b465ee728b)
Start importing Assets/Timeline/Puzzles/Puzzle1_Resolution.playable using Guid(95868b1dc9a321e4b96c74f87795e35f) Importer(815301076,1909f56bfc062723c751e8b465ee728b)  -> (artifact id: '1f3fda643ba2e94cec2dc7a0b62ba4db') in 0.065662 seconds
  Import took 0.083386 seconds .

========================================================================
Received Import Request.
  Time since last request: 0.007332 seconds.
  path: Assets/Timeline/Puzzles/Puzzle1_Resolution.playable
  artifactKey: Guid(95868b1dc9a321e4b96c74f87795e35f) Importer(815301076,1909f56bfc062723c751e8b465ee728b)
Start importing Assets/Timeline/Puzzles/Puzzle1_Resolution.playable using Guid(95868b1dc9a321e4b96c74f87795e35f) Importer(815301076,1909f56bfc062723c751e8b465ee728b)  -> (artifact id: '1f3fda643ba2e94cec2dc7a0b62ba4db') in 0.003811 seconds
  Import took 0.008356 seconds .

========================================================================
Received Import Request.
  Time since last request: 5.516289 seconds.
  path: Assets/Timeline/Puzzles
  artifactKey: Guid(b6c817d5ecbc3704db12b1391dd066df) Importer(815301076,1909f56bfc062723c751e8b465ee728b)
Start importing Assets/Timeline/Puzzles using Guid(b6c817d5ecbc3704db12b1391dd066df) Importer(815301076,1909f56bfc062723c751e8b465ee728b)  -> (artifact id: '45363f8bc2caa862d87f848ee07fd4ce') in 0.006304 seconds
  Import took 0.010939 seconds .

========================================================================
Received Import Request.
  Time since last request: 30.827521 seconds.
  path: Assets/Timeline/Puzzles/Puzzle1.2_Resolution.playable
  artifactKey: Guid(33e90e55746f8874f9f7f9c34e944717) Importer(815301076,1909f56bfc062723c751e8b465ee728b)
Start importing Assets/Timeline/Puzzles/Puzzle1.2_Resolution.playable using Guid(33e90e55746f8874f9f7f9c34e944717) Importer(815301076,1909f56bfc062723c751e8b465ee728b)  -> (artifact id: '6ff7690109dab0cc32ade6ad6ce842be') in 0.005426 seconds
  Import took 0.010774 seconds .

========================================================================
Received Import Request.
  Time since last request: 0.001082 seconds.
  path: Assets/Timeline/Puzzles/Puzzle1.2_Resolution.playable
  artifactKey: Guid(33e90e55746f8874f9f7f9c34e944717) Importer(815301076,1909f56bfc062723c751e8b465ee728b)
Start importing Assets/Timeline/Puzzles/Puzzle1.2_Resolution.playable using Guid(33e90e55746f8874f9f7f9c34e944717) Importer(815301076,1909f56bfc062723c751e8b465ee728b)  -> (artifact id: '6ff7690109dab0cc32ade6ad6ce842be') in 0.005246 seconds
  Import took 0.012064 seconds .

========================================================================
Received Prepare
Registering precompiled user dll's ...
Registered in 0.007789 seconds.
Begin MonoManager ReloadAssembly
Native extension for WindowsStandalone target not found
Refreshing native plugins compatible for Editor in 0.56 ms, found 2 plugins.
Preloading 0 native plugins for Editor in 0.00 ms.
Invoked RoslynAnalysisRunner static constructor.
RoslynAnalysisRunner will not be running.
RoslynAnalysisRunner has terminated.
Mono: successfully reloaded assembly
- Completed reload, in  1.663 seconds
Platform modules already initialized, skipping
Refreshing native plugins compatible for Editor in 0.47 ms, found 2 plugins.
Preloading 0 native plugins for Editor in 0.00 ms.
Unloading 1881 Unused Serialized files (Serialized files now loaded: 0)
System memory in use before: 98.5 MB.
System memory in use after: 98.3 MB.

Unloading 14 unused Assets to reduce memory usage. Loaded Objects now: 2484.
Total: 4.398600 ms (FindLiveObjects: 0.294100 ms CreateObjectMapping: 0.086800 ms MarkObjects: 3.634300 ms  DeleteObjects: 0.381900 ms)

========================================================================
Received Prepare
Registering precompiled user dll's ...
Registered in 0.004269 seconds.
Begin MonoManager ReloadAssembly
Native extension for WindowsStandalone target not found
Refreshing native plugins compatible for Editor in 0.52 ms, found 2 plugins.
Preloading 0 native plugins for Editor in 0.00 ms.
Invoked RoslynAnalysisRunner static constructor.
RoslynAnalysisRunner will not be running.
RoslynAnalysisRunner has terminated.
Mono: successfully reloaded assembly
- Completed reload, in  2.118 seconds
Platform modules already initialized, skipping
Refreshing native plugins compatible for Editor in 0.55 ms, found 2 plugins.
Preloading 0 native plugins for Editor in 0.00 ms.
Unloading 1881 Unused Serialized files (Serialized files now loaded: 0)
System memory in use before: 98.6 MB.
System memory in use after: 98.3 MB.

Unloading 14 unused Assets to reduce memory usage. Loaded Objects now: 2486.
Total: 2.657800 ms (FindLiveObjects: 0.307600 ms CreateObjectMapping: 0.089900 ms MarkObjects: 1.872800 ms  DeleteObjects: 0.386200 ms)

========================================================================
Received Prepare
Registering precompiled user dll's ...
Registered in 0.003804 seconds.
Begin MonoManager ReloadAssembly
Native extension for WindowsStandalone target not found
Refreshing native plugins compatible for Editor in 0.60 ms, found 2 plugins.
Preloading 0 native plugins for Editor in 0.00 ms.
Invoked RoslynAnalysisRunner static constructor.
RoslynAnalysisRunner will not be running.
RoslynAnalysisRunner has terminated.
Mono: successfully reloaded assembly
- Completed reload, in  1.771 seconds
Platform modules already initialized, skipping
Refreshing native plugins compatible for Editor in 0.54 ms, found 2 plugins.
Preloading 0 native plugins for Editor in 0.00 ms.
Unloading 1881 Unused Serialized files (Serialized files now loaded: 0)
System memory in use before: 98.4 MB.
System memory in use after: 98.2 MB.

Unloading 14 unused Assets to reduce memory usage. Loaded Objects now: 2488.
Total: 4.582300 ms (FindLiveObjects: 0.330400 ms CreateObjectMapping: 0.186000 ms MarkObjects: 3.711200 ms  DeleteObjects: 0.353000 ms)

========================================================================
Received Prepare
Registering precompiled user dll's ...
Registered in 0.004842 seconds.
Begin MonoManager ReloadAssembly
Native extension for WindowsStandalone target not found
Refreshing native plugins compatible for Editor in 0.52 ms, found 2 plugins.
Preloading 0 native plugins for Editor in 0.00 ms.
Invoked RoslynAnalysisRunner static constructor.
RoslynAnalysisRunner will not be running.
RoslynAnalysisRunner has terminated.
Mono: successfully reloaded assembly
- Completed reload, in  1.595 seconds
Platform modules already initialized, skipping
Refreshing native plugins compatible for Editor in 0.50 ms, found 2 plugins.
Preloading 0 native plugins for Editor in 0.00 ms.
Unloading 1881 Unused Serialized files (Serialized files now loaded: 0)
System memory in use before: 98.5 MB.
System memory in use after: 98.2 MB.

Unloading 14 unused Assets to reduce memory usage. Loaded Objects now: 2490.
Total: 2.989400 ms (FindLiveObjects: 0.189300 ms CreateObjectMapping: 0.216900 ms MarkObjects: 2.225600 ms  DeleteObjects: 0.356700 ms)

========================================================================
Received Prepare
Registering precompiled user dll's ...
Registered in 0.003888 seconds.
Begin MonoManager ReloadAssembly
Native extension for WindowsStandalone target not found
Refreshing native plugins compatible for Editor in 0.77 ms, found 2 plugins.
Preloading 0 native plugins for Editor in 0.00 ms.
Invoked RoslynAnalysisRunner static constructor.
RoslynAnalysisRunner will not be running.
RoslynAnalysisRunner has terminated.
Mono: successfully reloaded assembly
- Completed reload, in  1.148 seconds
Platform modules already initialized, skipping
Refreshing native plugins compatible for Editor in 0.52 ms, found 2 plugins.
Preloading 0 native plugins for Editor in 0.00 ms.
Unloading 1881 Unused Serialized files (Serialized files now loaded: 0)
System memory in use before: 98.5 MB.
System memory in use after: 98.2 MB.

Unloading 14 unused Assets to reduce memory usage. Loaded Objects now: 2492.
Total: 10.853700 ms (FindLiveObjects: 0.276700 ms CreateObjectMapping: 0.098800 ms MarkObjects: 3.950500 ms  DeleteObjects: 6.521600 ms)

========================================================================
Received Prepare
Registering precompiled user dll's ...
Registered in 0.003681 seconds.
Begin MonoManager ReloadAssembly
Native extension for WindowsStandalone target not found
Refreshing native plugins compatible for Editor in 0.48 ms, found 2 plugins.
Preloading 0 native plugins for Editor in 0.00 ms.
Invoked RoslynAnalysisRunner static constructor.
RoslynAnalysisRunner will not be running.
RoslynAnalysisRunner has terminated.
Mono: successfully reloaded assembly
- Completed reload, in  1.478 seconds
Platform modules already initialized, skipping
Refreshing native plugins compatible for Editor in 0.92 ms, found 2 plugins.
Preloading 0 native plugins for Editor in 0.00 ms.
Unloading 1881 Unused Serialized files (Serialized files now loaded: 0)
System memory in use before: 98.5 MB.
System memory in use after: 98.2 MB.

Unloading 14 unused Assets to reduce memory usage. Loaded Objects now: 2494.
Total: 4.512700 ms (FindLiveObjects: 0.450600 ms CreateObjectMapping: 0.130700 ms MarkObjects: 3.297500 ms  DeleteObjects: 0.632400 ms)

========================================================================
Received Prepare
Registering precompiled user dll's ...
Registered in 0.003881 seconds.
Begin MonoManager ReloadAssembly
Native extension for WindowsStandalone target not found
Refreshing native plugins compatible for Editor in 0.48 ms, found 2 plugins.
Preloading 0 native plugins for Editor in 0.00 ms.
Invoked RoslynAnalysisRunner static constructor.
RoslynAnalysisRunner will not be running.
RoslynAnalysisRunner has terminated.
Mono: successfully reloaded assembly
- Completed reload, in  3.347 seconds
Platform modules already initialized, skipping
Refreshing native plugins compatible for Editor in 0.48 ms, found 2 plugins.
Preloading 0 native plugins for Editor in 0.00 ms.
Unloading 1881 Unused Serialized files (Serialized files now loaded: 0)
System memory in use before: 98.5 MB.
System memory in use after: 98.2 MB.

Unloading 14 unused Assets to reduce memory usage. Loaded Objects now: 2496.
Total: 3.098700 ms (FindLiveObjects: 0.201500 ms CreateObjectMapping: 0.110400 ms MarkObjects: 2.385900 ms  DeleteObjects: 0.399200 ms)

========================================================================
Received Prepare
Registering precompiled user dll's ...
Registered in 0.009509 seconds.
Begin MonoManager ReloadAssembly
Native extension for WindowsStandalone target not found
Refreshing native plugins compatible for Editor in 0.48 ms, found 2 plugins.
Preloading 0 native plugins for Editor in 0.00 ms.
Invoked RoslynAnalysisRunner static constructor.
RoslynAnalysisRunner will not be running.
RoslynAnalysisRunner has terminated.
Mono: successfully reloaded assembly
- Completed reload, in  1.294 seconds
Platform modules already initialized, skipping
Refreshing native plugins compatible for Editor in 0.51 ms, found 2 plugins.
Preloading 0 native plugins for Editor in 0.00 ms.
Unloading 1881 Unused Serialized files (Serialized files now loaded: 0)
System memory in use before: 98.5 MB.
System memory in use after: 98.2 MB.

Unloading 14 unused Assets to reduce memory usage. Loaded Objects now: 2498.
Total: 3.192300 ms (FindLiveObjects: 0.193500 ms CreateObjectMapping: 0.071600 ms MarkObjects: 2.544900 ms  DeleteObjects: 0.380500 ms)

========================================================================
Received Prepare
Registering precompiled user dll's ...
Registered in 0.004980 seconds.
Begin MonoManager ReloadAssembly
Native extension for WindowsStandalone target not found
Refreshing native plugins compatible for Editor in 0.73 ms, found 2 plugins.
Preloading 0 native plugins for Editor in 0.00 ms.
Invoked RoslynAnalysisRunner static constructor.
RoslynAnalysisRunner will not be running.
RoslynAnalysisRunner has terminated.
Mono: successfully reloaded assembly
- Completed reload, in  1.925 seconds
Platform modules already initialized, skipping
Refreshing native plugins compatible for Editor in 0.60 ms, found 2 plugins.
Preloading 0 native plugins for Editor in 0.00 ms.
Unloading 1881 Unused Serialized files (Serialized files now loaded: 0)
System memory in use before: 98.5 MB.
System memory in use after: 98.3 MB.

Unloading 14 unused Assets to reduce memory usage. Loaded Objects now: 2500.
Total: 7.183000 ms (FindLiveObjects: 0.217200 ms CreateObjectMapping: 0.103300 ms MarkObjects: 4.577100 ms  DeleteObjects: 2.283900 ms)

========================================================================
Received Prepare
Registering precompiled user dll's ...
Registered in 0.003830 seconds.
Begin MonoManager ReloadAssembly
Native extension for WindowsStandalone target not found
Refreshing native plugins compatible for Editor in 0.56 ms, found 2 plugins.
Preloading 0 native plugins for Editor in 0.00 ms.
Invoked RoslynAnalysisRunner static constructor.
RoslynAnalysisRunner will not be running.
RoslynAnalysisRunner has terminated.
Mono: successfully reloaded assembly
- Completed reload, in  2.418 seconds
Platform modules already initialized, skipping
Refreshing native plugins compatible for Editor in 1.98 ms, found 2 plugins.
Preloading 0 native plugins for Editor in 0.00 ms.
Unloading 1881 Unused Serialized files (Serialized files now loaded: 0)
System memory in use before: 98.5 MB.
System memory in use after: 98.3 MB.

Unloading 14 unused Assets to reduce memory usage. Loaded Objects now: 2502.
Total: 11.260000 ms (FindLiveObjects: 0.325000 ms CreateObjectMapping: 0.182800 ms MarkObjects: 9.761100 ms  DeleteObjects: 0.988000 ms)

========================================================================
Received Prepare
Registering precompiled user dll's ...
Registered in 0.006626 seconds.
Begin MonoManager ReloadAssembly
Native extension for WindowsStandalone target not found
Refreshing native plugins compatible for Editor in 0.51 ms, found 2 plugins.
Preloading 0 native plugins for Editor in 0.00 ms.
Invoked RoslynAnalysisRunner static constructor.
RoslynAnalysisRunner will not be running.
RoslynAnalysisRunner has terminated.
Mono: successfully reloaded assembly
- Completed reload, in  1.459 seconds
Platform modules already initialized, skipping
Refreshing native plugins compatible for Editor in 0.53 ms, found 2 plugins.
Preloading 0 native plugins for Editor in 0.00 ms.
Unloading 1881 Unused Serialized files (Serialized files now loaded: 0)
System memory in use before: 98.5 MB.
System memory in use after: 98.3 MB.

Unloading 14 unused Assets to reduce memory usage. Loaded Objects now: 2504.
Total: 3.158700 ms (FindLiveObjects: 0.200600 ms CreateObjectMapping: 0.075100 ms MarkObjects: 2.486000 ms  DeleteObjects: 0.395600 ms)

========================================================================
Received Prepare
Registering precompiled user dll's ...
Registered in 0.003923 seconds.
Begin MonoManager ReloadAssembly
Native extension for WindowsStandalone target not found
Refreshing native plugins compatible for Editor in 0.56 ms, found 2 plugins.
Preloading 0 native plugins for Editor in 0.00 ms.
Invoked RoslynAnalysisRunner static constructor.
RoslynAnalysisRunner will not be running.
RoslynAnalysisRunner has terminated.
Mono: successfully reloaded assembly
- Completed reload, in  3.067 seconds
Platform modules already initialized, skipping
Refreshing native plugins compatible for Editor in 0.48 ms, found 2 plugins.
Preloading 0 native plugins for Editor in 0.00 ms.
Unloading 1881 Unused Serialized files (Serialized files now loaded: 0)
System memory in use before: 98.5 MB.
System memory in use after: 98.3 MB.

Unloading 14 unused Assets to reduce memory usage. Loaded Objects now: 2506.
Total: 3.394800 ms (FindLiveObjects: 0.376400 ms CreateObjectMapping: 0.092400 ms MarkObjects: 2.197900 ms  DeleteObjects: 0.726900 ms)

