Using pre-set license
Built from '2020.3/release' branch; Version is '2020.3.2f1 (8fd9074bf66c) revision 9427207'; Using compiler version '192528614'; Build Type 'Release'
OS: 'Windows 10 Pro; OS build 19043.1348; Version 2009; 64bit' Language: 'es' Physical Memory: 8079 MB
BatchMode: 1, IsHumanControllingUs: 0, StartBugReporterOnCrash: 0, Is64bit: 1, IsPro: 0

 COMMAND LINE ARGUMENTS:
C:\Program Files\Unity\Hub\Editor\2020.3.2f1\Editor\Unity.exe
-adb2
-batchMode
-noUpm
-name
AssetImportWorker2
-projectPath
C:/Users/Gast贸n/Desktop/VIDEOJUEGOS/DIPLOMATURA EN VIDEOJUEGOS - UPC/Plataformero 3D/faunus3
-logFile
Logs/AssetImportWorker2.log
-srvPort
63800
Successfully changed project path to: C:/Users/Gast贸n/Desktop/VIDEOJUEGOS/DIPLOMATURA EN VIDEOJUEGOS - UPC/Plataformero 3D/faunus3
C:/Users/Gast贸n/Desktop/VIDEOJUEGOS/DIPLOMATURA EN VIDEOJUEGOS - UPC/Plataformero 3D/faunus3
Using Asset Import Pipeline V2.
Refreshing native plugins compatible for Editor in 13146.92 ms, found 2 plugins.
Preloading 0 native plugins for Editor in 0.00 ms.
Initialize engine version: 2020.3.2f1 (8fd9074bf66c)
[Subsystems] Discovering subsystems at path C:/Program Files/Unity/Hub/Editor/2020.3.2f1/Editor/Data/Resources/UnitySubsystems
[Subsystems] Discovering subsystems at path C:/Users/Gast贸n/Desktop/VIDEOJUEGOS/DIPLOMATURA EN VIDEOJUEGOS - UPC/Plataformero 3D/faunus3/Assets
GfxDevice: creating device client; threaded=0
